d:\bv3\bv3_tp\recogbarcode\recogbarcode\recogbarcode\debug\recogbarcode.pch
d:\bv3\bv3_tp\recogbarcode\recogbarcode\recogbarcode\debug\vc141.pdb
d:\bv3\bv3_tp\recogbarcode\recogbarcode\recogbarcode\debug\vc141.idb
d:\bv3\bv3_tp\recogbarcode\recogbarcode\recogbarcode\debug\stdafx.obj
d:\bv3\bv3_tp\recogbarcode\recogbarcode\recogbarcode\debug\histogramdlg.obj
d:\bv3\bv3_tp\recogbarcode\recogbarcode\recogbarcode\debug\harrisdlg.obj
d:\bv3\bv3_tp\recogbarcode\recogbarcode\recogbarcode\debug\gaussiandlg.obj
d:\bv3\bv3_tp\recogbarcode\recogbarcode\recogbarcode\debug\gammacorrectiondlg.obj
d:\bv3\bv3_tp\recogbarcode\recogbarcode\recogbarcode\debug\filenewdlg.obj
d:\bv3\bv3_tp\recogbarcode\recogbarcode\recogbarcode\debug\dibsegment.obj
d:\bv3\bv3_tp\recogbarcode\recogbarcode\recogbarcode\debug\dibgeometry.obj
d:\bv3\bv3_tp\recogbarcode\recogbarcode\recogbarcode\debug\dibfilter.obj
d:\bv3\bv3_tp\recogbarcode\recogbarcode\recogbarcode\debug\dibenhancement.obj
d:\bv3\bv3_tp\recogbarcode\recogbarcode\recogbarcode\debug\dibcolor.obj
d:\bv3\bv3_tp\recogbarcode\recogbarcode\recogbarcode\debug\dibbmp.obj
d:\bv3\bv3_tp\recogbarcode\recogbarcode\recogbarcode\debug\dib.obj
d:\bv3\bv3_tp\recogbarcode\recogbarcode\recogbarcode\debug\decode.obj
d:\bv3\bv3_tp\recogbarcode\recogbarcode\recogbarcode\debug\cropdlg.obj
d:\bv3\bv3_tp\recogbarcode\recogbarcode\recogbarcode\debug\contrastdlg.obj
d:\bv3\bv3_tp\recogbarcode\recogbarcode\recogbarcode\debug\colorcombinedlg.obj
d:\bv3\bv3_tp\recogbarcode\recogbarcode\recogbarcode\debug\childfrm.obj
d:\bv3\bv3_tp\recogbarcode\recogbarcode\recogbarcode\debug\brightnessdlg.obj
d:\bv3\bv3_tp\recogbarcode\recogbarcode\recogbarcode\debug\binarizationdlg.obj
d:\bv3\bv3_tp\recogbarcode\recogbarcode\recogbarcode\debug\arithmeticdlg.obj
d:\bv3\bv3_tp\recogbarcode\recogbarcode\recogbarcode\debug\rotatedlg.obj
d:\bv3\bv3_tp\recogbarcode\recogbarcode\recogbarcode\debug\resizedlg.obj
d:\bv3\bv3_tp\recogbarcode\recogbarcode\recogbarcode\debug\recogbarcodeview.obj
d:\bv3\bv3_tp\recogbarcode\recogbarcode\recogbarcode\debug\recogbarcodedoc.obj
d:\bv3\bv3_tp\recogbarcode\recogbarcode\recogbarcode\debug\recogbarcode.obj
d:\bv3\bv3_tp\recogbarcode\recogbarcode\recogbarcode\debug\rgbbyte.obj
d:\bv3\bv3_tp\recogbarcode\recogbarcode\recogbarcode\debug\mainfrm.obj
d:\bv3\bv3_tp\recogbarcode\recogbarcode\debug\recogbarcode.exe
d:\bv3\bv3_tp\recogbarcode\recogbarcode\debug\recogbarcode.ilk
d:\bv3\bv3_tp\recogbarcode\recogbarcode\debug\recogbarcode.pdb
d:\bv3\bv3_tp\recogbarcode\recogbarcode\recogbarcode\debug\recogbarcode.res
c:\users\wowow\documents\github\recogbarcode_desktop\recogbarcode\recogbarcode\debug\arithmeticdlg.obj
c:\users\wowow\documents\github\recogbarcode_desktop\recogbarcode\recogbarcode\debug\binarizationdlg.obj
c:\users\wowow\documents\github\recogbarcode_desktop\recogbarcode\recogbarcode\debug\brightnessdlg.obj
c:\users\wowow\documents\github\recogbarcode_desktop\recogbarcode\recogbarcode\debug\childfrm.obj
c:\users\wowow\documents\github\recogbarcode_desktop\recogbarcode\recogbarcode\debug\colorcombinedlg.obj
c:\users\wowow\documents\github\recogbarcode_desktop\recogbarcode\recogbarcode\debug\contrastdlg.obj
c:\users\wowow\documents\github\recogbarcode_desktop\recogbarcode\recogbarcode\debug\cropdlg.obj
c:\users\wowow\documents\github\recogbarcode_desktop\recogbarcode\recogbarcode\debug\decode.obj
c:\users\wowow\documents\github\recogbarcode_desktop\recogbarcode\recogbarcode\debug\dib.obj
c:\users\wowow\documents\github\recogbarcode_desktop\recogbarcode\recogbarcode\debug\dibbmp.obj
c:\users\wowow\documents\github\recogbarcode_desktop\recogbarcode\recogbarcode\debug\dibcolor.obj
c:\users\wowow\documents\github\recogbarcode_desktop\recogbarcode\recogbarcode\debug\dibenhancement.obj
c:\users\wowow\documents\github\recogbarcode_desktop\recogbarcode\recogbarcode\debug\dibfilter.obj
c:\users\wowow\documents\github\recogbarcode_desktop\recogbarcode\recogbarcode\debug\dibgeometry.obj
c:\users\wowow\documents\github\recogbarcode_desktop\recogbarcode\recogbarcode\debug\dibsegment.obj
c:\users\wowow\documents\github\recogbarcode_desktop\recogbarcode\recogbarcode\debug\filenewdlg.obj
c:\users\wowow\documents\github\recogbarcode_desktop\recogbarcode\recogbarcode\debug\gammacorrectiondlg.obj
c:\users\wowow\documents\github\recogbarcode_desktop\recogbarcode\recogbarcode\debug\gaussiandlg.obj
c:\users\wowow\documents\github\recogbarcode_desktop\recogbarcode\recogbarcode\debug\ggammacorrectiondlg.obj
c:\users\wowow\documents\github\recogbarcode_desktop\recogbarcode\recogbarcode\debug\harrisdlg.obj
c:\users\wowow\documents\github\recogbarcode_desktop\recogbarcode\recogbarcode\debug\histogramdlg.obj
c:\users\wowow\documents\github\recogbarcode_desktop\recogbarcode\recogbarcode\debug\mainfrm.obj
c:\users\wowow\documents\github\recogbarcode_desktop\recogbarcode\recogbarcode\debug\recogbarcode.obj
c:\users\wowow\documents\github\recogbarcode_desktop\recogbarcode\recogbarcode\debug\recogbarcodedoc.obj
c:\users\wowow\documents\github\recogbarcode_desktop\recogbarcode\recogbarcode\debug\recogbarcodeview.obj
c:\users\wowow\documents\github\recogbarcode_desktop\recogbarcode\recogbarcode\debug\resizedlg.obj
c:\users\wowow\documents\github\recogbarcode_desktop\recogbarcode\recogbarcode\debug\rgbbyte.obj
c:\users\wowow\documents\github\recogbarcode_desktop\recogbarcode\recogbarcode\debug\rotatedlg.obj
c:\users\wowow\documents\github\recogbarcode_desktop\recogbarcode\recogbarcode\debug\stdafx.obj
c:\users\wowow\documents\github\recogbarcode_desktop\recogbarcode\recogbarcode\debug\recogbarcode.res
c:\users\wowow\documents\github\recogbarcode_desktop\recogbarcode\recogbarcode\debug\recogbarcode.pch
c:\users\wowow\documents\github\recogbarcode_desktop\recogbarcode\recogbarcode\debug\vc141.idb
c:\users\wowow\documents\github\recogbarcode_desktop\recogbarcode\recogbarcode\debug\vc141.pdb
c:\users\wowow\documents\github\recogbarcode_desktop\recogbarcode\debug\recogbarcode.pdb
c:\users\wowow\documents\github\recogbarcode_desktop\recogbarcode\debug\recogbarcode.exe
c:\users\wowow\documents\github\recogbarcode_desktop\recogbarcode\debug\recogbarcode.ilk
c:\users\wowow\documents\github\recogbarcode_desktop\recogbarcode\recogbarcode\debug\recogbarcode.tlog\cl.command.1.tlog
c:\users\wowow\documents\github\recogbarcode_desktop\recogbarcode\recogbarcode\debug\recogbarcode.tlog\cl.read.1.tlog
c:\users\wowow\documents\github\recogbarcode_desktop\recogbarcode\recogbarcode\debug\recogbarcode.tlog\cl.write.1.tlog
c:\users\wowow\documents\github\recogbarcode_desktop\recogbarcode\recogbarcode\debug\recogbarcode.tlog\link.command.1.tlog
c:\users\wowow\documents\github\recogbarcode_desktop\recogbarcode\recogbarcode\debug\recogbarcode.tlog\link.read.1.tlog
c:\users\wowow\documents\github\recogbarcode_desktop\recogbarcode\recogbarcode\debug\recogbarcode.tlog\link.write.1.tlog
c:\users\wowow\documents\github\recogbarcode_desktop\recogbarcode\recogbarcode\debug\recogbarcode.tlog\rc.command.1.tlog
c:\users\wowow\documents\github\recogbarcode_desktop\recogbarcode\recogbarcode\debug\recogbarcode.tlog\rc.read.1.tlog
c:\users\wowow\documents\github\recogbarcode_desktop\recogbarcode\recogbarcode\debug\recogbarcode.tlog\rc.write.1.tlog
